Processes: 304 total, 2 running, 302 sleeping, 1026 threads 
2017/03/28 07:56:59
Load Avg: 1.29, 1.42, 1.39 
CPU usage: 2.89% user, 11.59% sys, 85.50% idle 
SharedLibs: 188M resident, 46M data, 45M linkedit.
MemRegions: 36176 total, 2352M resident, 145M private, 408M shared.
PhysMem: 10G used (2019M wired), 6175M unused.
VM: 821G vsize, 637M framework vsize, 10279(0) swapins, 12071(0) swapouts.
Networks: packets: 63655/26M in, 21627/3676K out.
Disks: 1129647/19G read, 652272/21G written.


Processes: 304 total, 2 running, 302 sleeping, 1030 threads 
2017/03/28 07:57:00
Load Avg: 1.29, 1.42, 1.39 
CPU usage: 0.43% user, 2.4% sys, 97.52% idle 
SharedLibs: 188M resident, 46M data, 45M linkedit.
MemRegions: 36176 total, 2352M resident, 145M private, 408M shared.
PhysMem: 10G used (2025M wired), 6174M unused.
VM: 821G vsize, 637M framework vsize, 10279(0) swapins, 12071(0) swapouts.
Networks: packets: 63655/26M in, 21627/3676K out.
Disks: 1129647/19G read, 652272/21G written.


i=32
jdayOutCheck:54
File Not Found: 2017054_HEMI_FireRisk.tif
MANPATH=/opt/local/share/man:
DATA_PATH=/firecast/DATA
TERM_PROGRAM=Apple_Terminal
TERM=xterm-256color
SHELL=/bin/bash
TMPDIR=/var/folders/9w/1s2fr_nx0p35bb7tw0nszj9h0000gr/T/
NLS_LANG=/Users/gregsoter/instantclient_11_2
yr=17
Apple_PubSub_Socket_Render=/private/tmp/com.apple.launchd.As7dGb55TX/Render
SCRIPTS_PATH=/firecast/SCRIPTS
TERM_PROGRAM_VERSION=388.1
TERM_SESSION_ID=0E7AA790-ABE3-4278-AB53-122E191AEEFA
inst=i-f1c40824
USER=gregsoter
EC2_HOME=/opt/local/ec2/ec2-api-tools-1.7.5.1
SSH_AUTH_SOCK=/private/tmp/com.apple.launchd.lJVhkHSTz9/Listeners
beginjday=54
endjday=86
__CF_USER_TEXT_ENCODING=0x1F8:0x0:0x0
GASCRP=/firecast/lib/gscript
AWS_CONFIG_FILE=/firecast/.aws/config
PATH=/firecast/BIN:/usr/local/bin:/usr/local/sbin:/opt/local/bin:/opt/local/sbin:/opt/local/bin:/opt/local/sbin:/Users/gregsoter/instantclient_11_2:/opt/local/aws/bin:/Users/gregsoter/bin:/opt/local/ec2/ec2-api-tools-1.7.5.1/bin:/opt/local/bin:/opt/local/sbin:/Applications/QGIS.app/Contents/MacOS/bin:/usr/bin:/bin:/usr/sbin:/sbin:/usr/local/bin:/opt/X11/bin:/Users/firecast/FireCastREPO/BIN
AWS_DEFAULT_REGION=us-east-1
PWD=/firecast
JAVA_HOME=/Library/Java/JavaVirtualMachines/jdk1.8.0_102.jdk/Contents/Home
AWS_SECRET_ACCESS_KEY=+NlStP6iAfsJ86QIyttdWw6wPfqHZ+vbRfumXeH2
AWS_DEFAULT_PROFILE=default
LANG=en_US.UTF-8
XPC_FLAGS=0x0
enterdatabase=1
XPC_SERVICE_NAME=0
AWS_ACCESS_KEY_ID=AKIAJHZDBGZJXSJTDHCA
HOME=/firecast
SHLVL=2
n=32
arc=i386
year=2017
LOGNAME=gregsoter
DISPLAY=/private/tmp/com.apple.launchd.8JtUPO6Vr6/org.macosforge.xquartz:0
AWS_ACCESS_KEY=AKIAJHZDBGZJXSJTDHCA
AWS_SECRET_KEY=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
_=/usr/bin/env

***** HEMI Fire Risk for 2017-02-23 *****

IOException thrown trying to accessing ftp site:ladsweb.nascom.nasa.gov
FTPExeption thrown attempting to initialize fire data.
org.conservation.ci.cabs.firerisk.exceptions.FTPException: java.net.ConnectException: Connection refused
HEMI:Getting MOD07_L2.A2017054
/firecast/SCRIPTS/get_MOD07_HEMI.sh: line 17: MOD07_L2.A2017054hemi.txt: No such file or directory
rm: /firecast/DATA/HEMI/MOD07L2/2017/MOD07_L2.A2017054hemi.txt: No such file or directory
begin WGET
File Up to Date
File Up to Date
File Up to Date
File Up to Date
File Up to Date
File Up to Date
File Up to Date
File Up to Date
File Up to Date
File Up to Date
File Up to Date
File Up to Date
File Up to Date
File Up to Date
File Up to Date
File Up to Date
File Up to Date
File Up to Date
File Up to Date
File Up to Date
File Up to Date
File Up to Date
File Up to Date
File Up to Date
File Up to Date
File Up to Date
File Up to Date
File Up to Date
File Up to Date
File Up to Date
File Up to Date
File Up to Date
File Up to Date
File Up to Date
File Up to Date
File Up to Date
File Up to Date
File Up to Date
File Up to Date
File Up to Date
File Up to Date
File Up to Date
File Up to Date
File Up to Date
File Up to Date
File Up to Date
File Up to Date
File Up to Date

HEMI:
Moving into /firecast/DATA/GLOBAL/IMERG/2017/LATE/half_hourly
/firecast/DATA/GLOBAL/IMERG/2017/LATE/half_hourly/3B-HHR-L.MS.MRG.3IMERG.20170223-S000000-E002959.0000.V04A.RT-H5

Grid Analysis and Display System (GrADS) Version 2.0.1
Copyright (c) 1988-2011 by Brian Doty and the
Institute for Global Environment and Society (IGES)
GrADS comes with ABSOLUTELY NO WARRANTY
See file COPYRIGHT for more information

Config: v2.0.1 little-endian readline printim grib2 netcdf hdf4-sds hdf5 opendap-grids,stn geotiff shapefile
Issue 'q config' command for more detailed configuration information
GX Package Initialization: Size = 8.5 11 
Running in Batch mode
DEFINE error:  no file open yet
T=1: written.
ERROR 6: /firecast/DATA/HEMI/IMERG/2017/half_hourly/IMERG30m_early.HEMI.20170223.0000.bin, band 1: SetNoDataValue() not supported for this dataset.
Creating output file that is 8004P x 911L.
Processing input file /firecast/DATA/HEMI/IMERG/2017/RAW/IMERG30m_early.HEMI.20170223.0000.bin.
0...10...20...30...40...50...60...70...80...90...100 - done.
/firecast/DATA/GLOBAL/IMERG/2017/LATE/half_hourly/3B-HHR-L.MS.MRG.3IMERG.20170223-S003000-E005959.0030.V04A.RT-H5

Grid Analysis and Display System (GrADS) Version 2.0.1
Copyright (c) 1988-2011 by Brian Doty and the
Institute for Global Environment and Society (IGES)
GrADS comes with ABSOLUTELY NO WARRANTY
See file COPYRIGHT for more information

Config: v2.0.1 little-endian readline printim grib2 netcdf hdf4-sds hdf5 opendap-grids,stn geotiff shapefile
Issue 'q config' command for more detailed configuration information
GX Package Initialization: Size = 8.5 11 
Running in Batch mode
DEFINE error:  no file open yet
T=1: written.
ERROR 6: /firecast/DATA/HEMI/IMERG/2017/half_hourly/IMERG30m_early.HEMI.20170223.0030.bin, band 1: SetNoDataValue() not supported for this dataset.
Creating output file that is 8004P x 911L.
Processing input file /firecast/DATA/HEMI/IMERG/2017/RAW/IMERG30m_early.HEMI.20170223.0030.bin.
0...10...20...30...40...50...60...70...80...90...100 - done.
/firecast/DATA/GLOBAL/IMERG/2017/LATE/half_hourly/3B-HHR-L.MS.MRG.3IMERG.20170223-S010000-E012959.0060.V04A.RT-H5

Grid Analysis and Display System (GrADS) Version 2.0.1
Copyright (c) 1988-2011 by Brian Doty and the
Institute for Global Environment and Society (IGES)
GrADS comes with ABSOLUTELY NO WARRANTY
See file COPYRIGHT for more information

Config: v2.0.1 little-endian readline printim grib2 netcdf hdf4-sds hdf5 opendap-grids,stn geotiff shapefile
Issue 'q config' command for more detailed configuration information
GX Package Initialization: Size = 8.5 11 
Running in Batch mode
DEFINE error:  no file open yet
T=1: written.
ERROR 6: /firecast/DATA/HEMI/IMERG/2017/half_hourly/IMERG30m_early.HEMI.20170223.0060.bin, band 1: SetNoDataValue() not supported for this dataset.
Creating output file that is 8004P x 911L.
Processing input file /firecast/DATA/HEMI/IMERG/2017/RAW/IMERG30m_early.HEMI.20170223.0060.bin.
0...10...20...30...40...50...60...70...80...90...100 - done.
/firecast/DATA/GLOBAL/IMERG/2017/LATE/half_hourly/3B-HHR-L.MS.MRG.3IMERG.20170223-S013000-E015959.0090.V04A.RT-H5

Grid Analysis and Display System (GrADS) Version 2.0.1
Copyright (c) 1988-2011 by Brian Doty and the
Institute for Global Environment and Society (IGES)
GrADS comes with ABSOLUTELY NO WARRANTY
See file COPYRIGHT for more information

Config: v2.0.1 little-endian readline printim grib2 netcdf hdf4-sds hdf5 opendap-grids,stn geotiff shapefile
Issue 'q config' command for more detailed configuration information
GX Package Initialization: Size = 8.5 11 
Running in Batch mode
DEFINE error:  no file open yet
T=1: written.
ERROR 6: /firecast/DATA/HEMI/IMERG/2017/half_hourly/IMERG30m_early.HEMI.20170223.0090.bin, band 1: SetNoDataValue() not supported for this dataset.
Creating output file that is 8004P x 911L.
Processing input file /firecast/DATA/HEMI/IMERG/2017/RAW/IMERG30m_early.HEMI.20170223.0090.bin.
0...10...20...30...40...50...60...70...80...90...100 - done.
/firecast/DATA/GLOBAL/IMERG/2017/LATE/half_hourly/3B-HHR-L.MS.MRG.3IMERG.20170223-S020000-E022959.0120.V04A.RT-H5

Grid Analysis and Display System (GrADS) Version 2.0.1
Copyright (c) 1988-2011 by Brian Doty and the
Institute for Global Environment and Society (IGES)
GrADS comes with ABSOLUTELY NO WARRANTY
See file COPYRIGHT for more information

Config: v2.0.1 little-endian readline printim grib2 netcdf hdf4-sds hdf5 opendap-grids,stn geotiff shapefile
Issue 'q config' command for more detailed configuration information
GX Package Initialization: Size = 8.5 11 
Running in Batch mode
DEFINE error:  no file open yet
T=1: written.
ERROR 6: /firecast/DATA/HEMI/IMERG/2017/half_hourly/IMERG30m_early.HEMI.20170223.0120.bin, band 1: SetNoDataValue() not supported for this dataset.
Creating output file that is 8004P x 911L.
Processing input file /firecast/DATA/HEMI/IMERG/2017/RAW/IMERG30m_early.HEMI.20170223.0120.bin.
0...10...20...30...40...50...60...70...80...90...100 - done.
/firecast/DATA/GLOBAL/IMERG/2017/LATE/half_hourly/3B-HHR-L.MS.MRG.3IMERG.20170223-S023000-E025959.0150.V04A.RT-H5

Grid Analysis and Display System (GrADS) Version 2.0.1
Copyright (c) 1988-2011 by Brian Doty and the
Institute for Global Environment and Society (IGES)
GrADS comes with ABSOLUTELY NO WARRANTY
See file COPYRIGHT for more information

Config: v2.0.1 little-endian readline printim grib2 netcdf hdf4-sds hdf5 opendap-grids,stn geotiff shapefile
Issue 'q config' command for more detailed configuration information
GX Package Initialization: Size = 8.5 11 
Running in Batch mode
DEFINE error:  no file open yet
T=1: written.
ERROR 6: /firecast/DATA/HEMI/IMERG/2017/half_hourly/IMERG30m_early.HEMI.20170223.0150.bin, band 1: SetNoDataValue() not supported for this dataset.
Creating output file that is 8004P x 911L.
Processing input file /firecast/DATA/HEMI/IMERG/2017/RAW/IMERG30m_early.HEMI.20170223.0150.bin.
0...10...20...30...40...50...60...70...80...90...100 - done.
/firecast/DATA/GLOBAL/IMERG/2017/LATE/half_hourly/3B-HHR-L.MS.MRG.3IMERG.20170223-S030000-E032959.0180.V04A.RT-H5

Grid Analysis and Display System (GrADS) Version 2.0.1
Copyright (c) 1988-2011 by Brian Doty and the
Institute for Global Environment and Society (IGES)
GrADS comes with ABSOLUTELY NO WARRANTY
See file COPYRIGHT for more information

Config: v2.0.1 little-endian readline printim grib2 netcdf hdf4-sds hdf5 opendap-grids,stn geotiff shapefile
Issue 'q config' command for more detailed configuration information
GX Package Initialization: Size = 8.5 11 
Running in Batch mode
DEFINE error:  no file open yet
T=1: written.
ERROR 6: /firecast/DATA/HEMI/IMERG/2017/half_hourly/IMERG30m_early.HEMI.20170223.0180.bin, band 1: SetNoDataValue() not supported for this dataset.
Creating output file that is 8004P x 911L.
Processing input file /firecast/DATA/HEMI/IMERG/2017/RAW/IMERG30m_early.HEMI.20170223.0180.bin.
0...10...20...30...40...50...60...70...80...90...100 - done.
/firecast/DATA/GLOBAL/IMERG/2017/LATE/half_hourly/3B-HHR-L.MS.MRG.3IMERG.20170223-S033000-E035959.0210.V04A.RT-H5

Grid Analysis and Display System (GrADS) Version 2.0.1
Copyright (c) 1988-2011 by Brian Doty and the
Institute for Global Environment and Society (IGES)
GrADS comes with ABSOLUTELY NO WARRANTY
See file COPYRIGHT for more information

Config: v2.0.1 little-endian readline printim grib2 netcdf hdf4-sds hdf5 opendap-grids,stn geotiff shapefile
Issue 'q config' command for more detailed configuration information
GX Package Initialization: Size = 8.5 11 
Running in Batch mode
DEFINE error:  no file open yet
T=1: written.
ERROR 6: /firecast/DATA/HEMI/IMERG/2017/half_hourly/IMERG30m_early.HEMI.20170223.0210.bin, band 1: SetNoDataValue() not supported for this dataset.
Creating output file that is 8004P x 911L.
Processing input file /firecast/DATA/HEMI/IMERG/2017/RAW/IMERG30m_early.HEMI.20170223.0210.bin.
0...10...20...30...40...50...60...70...80...90...100 - done.
/firecast/DATA/GLOBAL/IMERG/2017/LATE/half_hourly/3B-HHR-L.MS.MRG.3IMERG.20170223-S040000-E042959.0240.V04A.RT-H5

Grid Analysis and Display System (GrADS) Version 2.0.1
Copyright (c) 1988-2011 by Brian Doty and the
Institute for Global Environment and Society (IGES)
GrADS comes with ABSOLUTELY NO WARRANTY
See file COPYRIGHT for more information

Config: v2.0.1 little-endian readline printim grib2 netcdf hdf4-sds hdf5 opendap-grids,stn geotiff shapefile
Issue 'q config' command for more detailed configuration information
GX Package Initialization: Size = 8.5 11 
Running in Batch mode
DEFINE error:  no file open yet
T=1: written.
ERROR 6: /firecast/DATA/HEMI/IMERG/2017/half_hourly/IMERG30m_early.HEMI.20170223.0240.bin, band 1: SetNoDataValue() not supported for this dataset.
Creating output file that is 8004P x 911L.
Processing input file /firecast/DATA/HEMI/IMERG/2017/RAW/IMERG30m_early.HEMI.20170223.0240.bin.
0...10...20...30...40...50...60...70...80...90...100 - done.
/firecast/DATA/GLOBAL/IMERG/2017/LATE/half_hourly/3B-HHR-L.MS.MRG.3IMERG.20170223-S043000-E045959.0270.V04A.RT-H5

Grid Analysis and Display System (GrADS) Version 2.0.1
Copyright (c) 1988-2011 by Brian Doty and the
Institute for Global Environment and Society (IGES)
GrADS comes with ABSOLUTELY NO WARRANTY
See file COPYRIGHT for more information

Config: v2.0.1 little-endian readline printim grib2 netcdf hdf4-sds hdf5 opendap-grids,stn geotiff shapefile
Issue 'q config' command for more detailed configuration information
GX Package Initialization: Size = 8.5 11 
Running in Batch mode
DEFINE error:  no file open yet
T=1: written.
ERROR 6: /firecast/DATA/HEMI/IMERG/2017/half_hourly/IMERG30m_early.HEMI.20170223.0270.bin, band 1: SetNoDataValue() not supported for this dataset.
Creating output file that is 8004P x 911L.
Processing input file /firecast/DATA/HEMI/IMERG/2017/RAW/IMERG30m_early.HEMI.20170223.0270.bin.
0...10...20...30...40...50...60...70...80...90...100 - done.
/firecast/DATA/GLOBAL/IMERG/2017/LATE/half_hourly/3B-HHR-L.MS.MRG.3IMERG.20170223-S050000-E052959.0300.V04A.RT-H5

Grid Analysis and Display System (GrADS) Version 2.0.1
Copyright (c) 1988-2011 by Brian Doty and the
Institute for Global Environment and Society (IGES)
GrADS comes with ABSOLUTELY NO WARRANTY
See file COPYRIGHT for more information

Config: v2.0.1 little-endian readline printim grib2 netcdf hdf4-sds hdf5 opendap-grids,stn geotiff shapefile
Issue 'q config' command for more detailed configuration information
GX Package Initialization: Size = 8.5 11 
Running in Batch mode
DEFINE error:  no file open yet
T=1: written.
ERROR 6: /firecast/DATA/HEMI/IMERG/2017/half_hourly/IMERG30m_early.HEMI.20170223.0300.bin, band 1: SetNoDataValue() not supported for this dataset.
Creating output file that is 8004P x 911L.
Processing input file /firecast/DATA/HEMI/IMERG/2017/RAW/IMERG30m_early.HEMI.20170223.0300.bin.
0...10...20...30...40...50...60...70...80...90...100 - done.
/firecast/DATA/GLOBAL/IMERG/2017/LATE/half_hourly/3B-HHR-L.MS.MRG.3IMERG.20170223-S053000-E055959.0330.V04A.RT-H5

Grid Analysis and Display System (GrADS) Version 2.0.1
Copyright (c) 1988-2011 by Brian Doty and the
Institute for Global Environment and Society (IGES)
GrADS comes with ABSOLUTELY NO WARRANTY
See file COPYRIGHT for more information

Config: v2.0.1 little-endian readline printim grib2 netcdf hdf4-sds hdf5 opendap-grids,stn geotiff shapefile
Issue 'q config' command for more detailed configuration information
GX Package Initialization: Size = 8.5 11 
Running in Batch mode
DEFINE error:  no file open yet
T=1: written.
ERROR 6: /firecast/DATA/HEMI/IMERG/2017/half_hourly/IMERG30m_early.HEMI.20170223.0330.bin, band 1: SetNoDataValue() not supported for this dataset.
Creating output file that is 8004P x 911L.
Processing input file /firecast/DATA/HEMI/IMERG/2017/RAW/IMERG30m_early.HEMI.20170223.0330.bin.
0...10...20...30...40...50...60...70...80...90...100 - done.
/firecast/DATA/GLOBAL/IMERG/2017/LATE/half_hourly/3B-HHR-L.MS.MRG.3IMERG.20170223-S060000-E062959.0360.V04A.RT-H5

Grid Analysis and Display System (GrADS) Version 2.0.1
Copyright (c) 1988-2011 by Brian Doty and the
Institute for Global Environment and Society (IGES)
GrADS comes with ABSOLUTELY NO WARRANTY
See file COPYRIGHT for more information

Config: v2.0.1 little-endian readline printim grib2 netcdf hdf4-sds hdf5 opendap-grids,stn geotiff shapefile
Issue 'q config' command for more detailed configuration information
GX Package Initialization: Size = 8.5 11 
Running in Batch mode
DEFINE error:  no file open yet
T=1: written.
ERROR 6: /firecast/DATA/HEMI/IMERG/2017/half_hourly/IMERG30m_early.HEMI.20170223.0360.bin, band 1: SetNoDataValue() not supported for this dataset.
Creating output file that is 8004P x 911L.
Processing input file /firecast/DATA/HEMI/IMERG/2017/RAW/IMERG30m_early.HEMI.20170223.0360.bin.
0...10...20...30...40...50...60...70...80...90...100 - done.
/firecast/DATA/GLOBAL/IMERG/2017/LATE/half_hourly/3B-HHR-L.MS.MRG.3IMERG.20170223-S063000-E065959.0390.V04A.RT-H5

Grid Analysis and Display System (GrADS) Version 2.0.1
Copyright (c) 1988-2011 by Brian Doty and the
Institute for Global Environment and Society (IGES)
GrADS comes with ABSOLUTELY NO WARRANTY
See file COPYRIGHT for more information

Config: v2.0.1 little-endian readline printim grib2 netcdf hdf4-sds hdf5 opendap-grids,stn geotiff shapefile
Issue 'q config' command for more detailed configuration information
GX Package Initialization: Size = 8.5 11 
Running in Batch mode
DEFINE error:  no file open yet
T=1: written.
ERROR 6: /firecast/DATA/HEMI/IMERG/2017/half_hourly/IMERG30m_early.HEMI.20170223.0390.bin, band 1: SetNoDataValue() not supported for this dataset.
Creating output file that is 8004P x 911L.
Processing input file /firecast/DATA/HEMI/IMERG/2017/RAW/IMERG30m_early.HEMI.20170223.0390.bin.
0...10...20...30...40...50...60...70...80...90...100 - done.
/firecast/DATA/GLOBAL/IMERG/2017/LATE/half_hourly/3B-HHR-L.MS.MRG.3IMERG.20170223-S070000-E072959.0420.V04A.RT-H5

Grid Analysis and Display System (GrADS) Version 2.0.1
Copyright (c) 1988-2011 by Brian Doty and the
Institute for Global Environment and Society (IGES)
GrADS comes with ABSOLUTELY NO WARRANTY
See file COPYRIGHT for more information

Config: v2.0.1 little-endian readline printim grib2 netcdf hdf4-sds hdf5 opendap-grids,stn geotiff shapefile
Issue 'q config' command for more detailed configuration information
GX Package Initialization: Size = 8.5 11 
Running in Batch mode
DEFINE error:  no file open yet
T=1: written.
ERROR 6: /firecast/DATA/HEMI/IMERG/2017/half_hourly/IMERG30m_early.HEMI.20170223.0420.bin, band 1: SetNoDataValue() not supported for this dataset.
Creating output file that is 8004P x 911L.
Processing input file /firecast/DATA/HEMI/IMERG/2017/RAW/IMERG30m_early.HEMI.20170223.0420.bin.
0...10...20...30...40...50...60...70...80...90...100 - done.
/firecast/DATA/GLOBAL/IMERG/2017/LATE/half_hourly/3B-HHR-L.MS.MRG.3IMERG.20170223-S073000-E075959.0450.V04A.RT-H5

Grid Analysis and Display System (GrADS) Version 2.0.1
Copyright (c) 1988-2011 by Brian Doty and the
Institute for Global Environment and Society (IGES)
GrADS comes with ABSOLUTELY NO WARRANTY
See file COPYRIGHT for more information

Config: v2.0.1 little-endian readline printim grib2 netcdf hdf4-sds hdf5 opendap-grids,stn geotiff shapefile
Issue 'q config' command for more detailed configuration information
GX Package Initialization: Size = 8.5 11 
Running in Batch mode
DEFINE error:  no file open yet
T=1: written.
ERROR 6: /firecast/DATA/HEMI/IMERG/2017/half_hourly/IMERG30m_early.HEMI.20170223.0450.bin, band 1: SetNoDataValue() not supported for this dataset.
Creating output file that is 8004P x 911L.
Processing input file /firecast/DATA/HEMI/IMERG/2017/RAW/IMERG30m_early.HEMI.20170223.0450.bin.
0...10...20...30...40...50...60...70...80...90...100 - done.
/firecast/DATA/GLOBAL/IMERG/2017/LATE/half_hourly/3B-HHR-L.MS.MRG.3IMERG.20170223-S080000-E082959.0480.V04A.RT-H5

Grid Analysis and Display System (GrADS) Version 2.0.1
Copyright (c) 1988-2011 by Brian Doty and the
Institute for Global Environment and Society (IGES)
GrADS comes with ABSOLUTELY NO WARRANTY
See file COPYRIGHT for more information

Config: v2.0.1 little-endian readline printim grib2 netcdf hdf4-sds hdf5 opendap-grids,stn geotiff shapefile
Issue 'q config' command for more detailed configuration information
GX Package Initialization: Size = 8.5 11 
Running in Batch mode
DEFINE error:  no file open yet
T=1: written.
ERROR 6: /firecast/DATA/HEMI/IMERG/2017/half_hourly/IMERG30m_early.HEMI.20170223.0480.bin, band 1: SetNoDataValue() not supported for this dataset.
Creating output file that is 8004P x 911L.
Processing input file /firecast/DATA/HEMI/IMERG/2017/RAW/IMERG30m_early.HEMI.20170223.0480.bin.
0...10...20...30...40...50...60...70...80...90...100 - done.
/firecast/DATA/GLOBAL/IMERG/2017/LATE/half_hourly/3B-HHR-L.MS.MRG.3IMERG.20170223-S083000-E085959.0510.V04A.RT-H5

Grid Analysis and Display System (GrADS) Version 2.0.1
Copyright (c) 1988-2011 by Brian Doty and the
Institute for Global Environment and Society (IGES)
GrADS comes with ABSOLUTELY NO WARRANTY
See file COPYRIGHT for more information

Config: v2.0.1 little-endian readline printim grib2 netcdf hdf4-sds hdf5 opendap-grids,stn geotiff shapefile
Issue 'q config' command for more detailed configuration information
GX Package Initialization: Size = 8.5 11 
Running in Batch mode
DEFINE error:  no file open yet
T=1: written.
ERROR 6: /firecast/DATA/HEMI/IMERG/2017/half_hourly/IMERG30m_early.HEMI.20170223.0510.bin, band 1: SetNoDataValue() not supported for this dataset.
Creating output file that is 8004P x 911L.
Processing input file /firecast/DATA/HEMI/IMERG/2017/RAW/IMERG30m_early.HEMI.20170223.0510.bin.
0...10...20...30...40...50...60...70...80...90...100 - done.
/firecast/DATA/GLOBAL/IMERG/2017/LATE/half_hourly/3B-HHR-L.MS.MRG.3IMERG.20170223-S090000-E092959.0540.V04A.RT-H5

Grid Analysis and Display System (GrADS) Version 2.0.1
Copyright (c) 1988-2011 by Brian Doty and the
Institute for Global Environment and Society (IGES)
GrADS comes with ABSOLUTELY NO WARRANTY
See file COPYRIGHT for more information

Config: v2.0.1 little-endian readline printim grib2 netcdf hdf4-sds hdf5 opendap-grids,stn geotiff shapefile
Issue 'q config' command for more detailed configuration information
GX Package Initialization: Size = 8.5 11 
Running in Batch mode
DEFINE error:  no file open yet
T=1: written.
ERROR 6: /firecast/DATA/HEMI/IMERG/2017/half_hourly/IMERG30m_early.HEMI.20170223.0540.bin, band 1: SetNoDataValue() not supported for this dataset.
Creating output file that is 8004P x 911L.
Processing input file /firecast/DATA/HEMI/IMERG/2017/RAW/IMERG30m_early.HEMI.20170223.0540.bin.
0...10...20...30...40...50...60...70...80...90...100 - done.
/firecast/DATA/GLOBAL/IMERG/2017/LATE/half_hourly/3B-HHR-L.MS.MRG.3IMERG.20170223-S093000-E095959.0570.V04A.RT-H5

Grid Analysis and Display System (GrADS) Version 2.0.1
Copyright (c) 1988-2011 by Brian Doty and the
Institute for Global Environment and Society (IGES)
GrADS comes with ABSOLUTELY NO WARRANTY
See file COPYRIGHT for more information

Config: v2.0.1 little-endian readline printim grib2 netcdf hdf4-sds hdf5 opendap-grids,stn geotiff shapefile
Issue 'q config' command for more detailed configuration information
GX Package Initialization: Size = 8.5 11 
Running in Batch mode
DEFINE error:  no file open yet
T=1: written.
ERROR 6: /firecast/DATA/HEMI/IMERG/2017/half_hourly/IMERG30m_early.HEMI.20170223.0570.bin, band 1: SetNoDataValue() not supported for this dataset.
Creating output file that is 8004P x 911L.
Processing input file /firecast/DATA/HEMI/IMERG/2017/RAW/IMERG30m_early.HEMI.20170223.0570.bin.
0...10...20...30...40...50...60...70...80...90...100 - done.
/firecast/DATA/GLOBAL/IMERG/2017/LATE/half_hourly/3B-HHR-L.MS.MRG.3IMERG.20170223-S100000-E102959.0600.V04A.RT-H5

Grid Analysis and Display System (GrADS) Version 2.0.1
Copyright (c) 1988-2011 by Brian Doty and the
Institute for Global Environment and Society (IGES)
GrADS comes with ABSOLUTELY NO WARRANTY
See file COPYRIGHT for more information

Config: v2.0.1 little-endian readline printim grib2 netcdf hdf4-sds hdf5 opendap-grids,stn geotiff shapefile
Issue 'q config' command for more detailed configuration information
GX Package Initialization: Size = 8.5 11 
Running in Batch mode
DEFINE error:  no file open yet
T=1: written.
ERROR 6: /firecast/DATA/HEMI/IMERG/2017/half_hourly/IMERG30m_early.HEMI.20170223.0600.bin, band 1: SetNoDataValue() not supported for this dataset.
Creating output file that is 8004P x 911L.
Processing input file /firecast/DATA/HEMI/IMERG/2017/RAW/IMERG30m_early.HEMI.20170223.0600.bin.
0...10...20...30...40...50...60...70...80...90...100 - done.
/firecast/DATA/GLOBAL/IMERG/2017/LATE/half_hourly/3B-HHR-L.MS.MRG.3IMERG.20170223-S103000-E105959.0630.V04A.RT-H5

Grid Analysis and Display System (GrADS) Version 2.0.1
Copyright (c) 1988-2011 by Brian Doty and the
Institute for Global Environment and Society (IGES)
GrADS comes with ABSOLUTELY NO WARRANTY
See file COPYRIGHT for more information

Config: v2.0.1 little-endian readline printim grib2 netcdf hdf4-sds hdf5 opendap-grids,stn geotiff shapefile
Issue 'q config' command for more detailed configuration information
GX Package Initialization: Size = 8.5 11 
Running in Batch mode
DEFINE error:  no file open yet
T=1: written.
ERROR 6: /firecast/DATA/HEMI/IMERG/2017/half_hourly/IMERG30m_early.HEMI.20170223.0630.bin, band 1: SetNoDataValue() not supported for this dataset.
Creating output file that is 8004P x 911L.
Processing input file /firecast/DATA/HEMI/IMERG/2017/RAW/IMERG30m_early.HEMI.20170223.0630.bin.
0...10...20...30...40...50...60...70...80...90...100 - done.
/firecast/DATA/GLOBAL/IMERG/2017/LATE/half_hourly/3B-HHR-L.MS.MRG.3IMERG.20170223-S110000-E112959.0660.V04A.RT-H5

Grid Analysis and Display System (GrADS) Version 2.0.1
Copyright (c) 1988-2011 by Brian Doty and the
Institute for Global Environment and Society (IGES)
GrADS comes with ABSOLUTELY NO WARRANTY
See file COPYRIGHT for more information

Config: v2.0.1 little-endian readline printim grib2 netcdf hdf4-sds hdf5 opendap-grids,stn geotiff shapefile
Issue 'q config' command for more detailed configuration information
GX Package Initialization: Size = 8.5 11 
Running in Batch mode
DEFINE error:  no file open yet
T=1: written.
ERROR 6: /firecast/DATA/HEMI/IMERG/2017/half_hourly/IMERG30m_early.HEMI.20170223.0660.bin, band 1: SetNoDataValue() not supported for this dataset.
Creating output file that is 8004P x 911L.
Processing input file /firecast/DATA/HEMI/IMERG/2017/RAW/IMERG30m_early.HEMI.20170223.0660.bin.
0...10...20...30...40...50...60...70...80...90...100 - done.
/firecast/DATA/GLOBAL/IMERG/2017/LATE/half_hourly/3B-HHR-L.MS.MRG.3IMERG.20170223-S113000-E115959.0690.V04A.RT-H5

Grid Analysis and Display System (GrADS) Version 2.0.1
Copyright (c) 1988-2011 by Brian Doty and the
Institute for Global Environment and Society (IGES)
GrADS comes with ABSOLUTELY NO WARRANTY
See file COPYRIGHT for more information

Config: v2.0.1 little-endian readline printim grib2 netcdf hdf4-sds hdf5 opendap-grids,stn geotiff shapefile
Issue 'q config' command for more detailed configuration information
GX Package Initialization: Size = 8.5 11 
Running in Batch mode
DEFINE error:  no file open yet
T=1: written.
ERROR 6: /firecast/DATA/HEMI/IMERG/2017/half_hourly/IMERG30m_early.HEMI.20170223.0690.bin, band 1: SetNoDataValue() not supported for this dataset.
Creating output file that is 8004P x 911L.
Processing input file /firecast/DATA/HEMI/IMERG/2017/RAW/IMERG30m_early.HEMI.20170223.0690.bin.
0...10...20...30...40...50...60...70...80...90...100 - done.
/firecast/DATA/GLOBAL/IMERG/2017/LATE/half_hourly/3B-HHR-L.MS.MRG.3IMERG.20170223-S120000-E122959.0720.V04A.RT-H5

Grid Analysis and Display System (GrADS) Version 2.0.1
Copyright (c) 1988-2011 by Brian Doty and the
Institute for Global Environment and Society (IGES)
GrADS comes with ABSOLUTELY NO WARRANTY
See file COPYRIGHT for more information

Config: v2.0.1 little-endian readline printim grib2 netcdf hdf4-sds hdf5 opendap-grids,stn geotiff shapefile
Issue 'q config' command for more detailed configuration information
GX Package Initialization: Size = 8.5 11 
Running in Batch mode
DEFINE error:  no file open yet
T=1: written.
ERROR 6: /firecast/DATA/HEMI/IMERG/2017/half_hourly/IMERG30m_early.HEMI.20170223.0720.bin, band 1: SetNoDataValue() not supported for this dataset.
Creating output file that is 8004P x 911L.
Processing input file /firecast/DATA/HEMI/IMERG/2017/RAW/IMERG30m_early.HEMI.20170223.0720.bin.
0...10...20...30...40...50...60...70...80...90...100 - done.
/firecast/DATA/GLOBAL/IMERG/2017/LATE/half_hourly/3B-HHR-L.MS.MRG.3IMERG.20170223-S123000-E125959.0750.V04A.RT-H5

Grid Analysis and Display System (GrADS) Version 2.0.1
Copyright (c) 1988-2011 by Brian Doty and the
Institute for Global Environment and Society (IGES)
GrADS comes with ABSOLUTELY NO WARRANTY
See file COPYRIGHT for more information

Config: v2.0.1 little-endian readline printim grib2 netcdf hdf4-sds hdf5 opendap-grids,stn geotiff shapefile
Issue 'q config' command for more detailed configuration information
GX Package Initialization: Size = 8.5 11 
Running in Batch mode
DEFINE error:  no file open yet
T=1: written.
ERROR 6: /firecast/DATA/HEMI/IMERG/2017/half_hourly/IMERG30m_early.HEMI.20170223.0750.bin, band 1: SetNoDataValue() not supported for this dataset.
Creating output file that is 8004P x 911L.
Processing input file /firecast/DATA/HEMI/IMERG/2017/RAW/IMERG30m_early.HEMI.20170223.0750.bin.
0...10...20...30...40...50...60...70...80...90...100 - done.
/firecast/DATA/GLOBAL/IMERG/2017/LATE/half_hourly/3B-HHR-L.MS.MRG.3IMERG.20170223-S130000-E132959.0780.V04A.RT-H5

Grid Analysis and Display System (GrADS) Version 2.0.1
Copyright (c) 1988-2011 by Brian Doty and the
Institute for Global Environment and Society (IGES)
GrADS comes with ABSOLUTELY NO WARRANTY
See file COPYRIGHT for more information

Config: v2.0.1 little-endian readline printim grib2 netcdf hdf4-sds hdf5 opendap-grids,stn geotiff shapefile
Issue 'q config' command for more detailed configuration information
GX Package Initialization: Size = 8.5 11 
Running in Batch mode
DEFINE error:  no file open yet
T=1: written.
ERROR 6: /firecast/DATA/HEMI/IMERG/2017/half_hourly/IMERG30m_early.HEMI.20170223.0780.bin, band 1: SetNoDataValue() not supported for this dataset.
Creating output file that is 8004P x 911L.
Processing input file /firecast/DATA/HEMI/IMERG/2017/RAW/IMERG30m_early.HEMI.20170223.0780.bin.
0...10...20...30...40...50...60...70...80...90...100 - done.
/firecast/DATA/GLOBAL/IMERG/2017/LATE/half_hourly/3B-HHR-L.MS.MRG.3IMERG.20170223-S133000-E135959.0810.V04A.RT-H5

Grid Analysis and Display System (GrADS) Version 2.0.1
Copyright (c) 1988-2011 by Brian Doty and the
Institute for Global Environment and Society (IGES)
GrADS comes with ABSOLUTELY NO WARRANTY
See file COPYRIGHT for more information

Config: v2.0.1 little-endian readline printim grib2 netcdf hdf4-sds hdf5 opendap-grids,stn geotiff shapefile
Issue 'q config' command for more detailed configuration information
GX Package Initialization: Size = 8.5 11 
Running in Batch mode
DEFINE error:  no file open yet
T=1: written.
ERROR 6: /firecast/DATA/HEMI/IMERG/2017/half_hourly/IMERG30m_early.HEMI.20170223.0810.bin, band 1: SetNoDataValue() not supported for this dataset.
Creating output file that is 8004P x 911L.
Processing input file /firecast/DATA/HEMI/IMERG/2017/RAW/IMERG30m_early.HEMI.20170223.0810.bin.
0...10...20...30...40...50...60...70...80...90...100 - done.
/firecast/DATA/GLOBAL/IMERG/2017/LATE/half_hourly/3B-HHR-L.MS.MRG.3IMERG.20170223-S140000-E142959.0840.V04A.RT-H5

Grid Analysis and Display System (GrADS) Version 2.0.1
Copyright (c) 1988-2011 by Brian Doty and the
Institute for Global Environment and Society (IGES)
GrADS comes with ABSOLUTELY NO WARRANTY
See file COPYRIGHT for more information

Config: v2.0.1 little-endian readline printim grib2 netcdf hdf4-sds hdf5 opendap-grids,stn geotiff shapefile
Issue 'q config' command for more detailed configuration information
GX Package Initialization: Size = 8.5 11 
Running in Batch mode
DEFINE error:  no file open yet
T=1: written.
ERROR 6: /firecast/DATA/HEMI/IMERG/2017/half_hourly/IMERG30m_early.HEMI.20170223.0840.bin, band 1: SetNoDataValue() not supported for this dataset.
Creating output file that is 8004P x 911L.
Processing input file /firecast/DATA/HEMI/IMERG/2017/RAW/IMERG30m_early.HEMI.20170223.0840.bin.
0...10...20...30...40...50...60...70...80...90...100 - done.
/firecast/DATA/GLOBAL/IMERG/2017/LATE/half_hourly/3B-HHR-L.MS.MRG.3IMERG.20170223-S143000-E145959.0870.V04A.RT-H5

Grid Analysis and Display System (GrADS) Version 2.0.1
Copyright (c) 1988-2011 by Brian Doty and the
Institute for Global Environment and Society (IGES)
GrADS comes with ABSOLUTELY NO WARRANTY
See file COPYRIGHT for more information

Config: v2.0.1 little-endian readline printim grib2 netcdf hdf4-sds hdf5 opendap-grids,stn geotiff shapefile
Issue 'q config' command for more detailed configuration information
GX Package Initialization: Size = 8.5 11 
Running in Batch mode
DEFINE error:  no file open yet
T=1: written.
ERROR 6: /firecast/DATA/HEMI/IMERG/2017/half_hourly/IMERG30m_early.HEMI.20170223.0870.bin, band 1: SetNoDataValue() not supported for this dataset.
Creating output file that is 8004P x 911L.
Processing input file /firecast/DATA/HEMI/IMERG/2017/RAW/IMERG30m_early.HEMI.20170223.0870.bin.
0...10...20...30...40...50...60...70...80...90...100 - done.
/firecast/DATA/GLOBAL/IMERG/2017/LATE/half_hourly/3B-HHR-L.MS.MRG.3IMERG.20170223-S150000-E152959.0900.V04A.RT-H5

Grid Analysis and Display System (GrADS) Version 2.0.1
Copyright (c) 1988-2011 by Brian Doty and the
Institute for Global Environment and Society (IGES)
GrADS comes with ABSOLUTELY NO WARRANTY
See file COPYRIGHT for more information

Config: v2.0.1 little-endian readline printim grib2 netcdf hdf4-sds hdf5 opendap-grids,stn geotiff shapefile
Issue 'q config' command for more detailed configuration information
GX Package Initialization: Size = 8.5 11 
Running in Batch mode
DEFINE error:  no file open yet
T=1: written.
ERROR 6: /firecast/DATA/HEMI/IMERG/2017/half_hourly/IMERG30m_early.HEMI.20170223.0900.bin, band 1: SetNoDataValue() not supported for this dataset.
Creating output file that is 8004P x 911L.
Processing input file /firecast/DATA/HEMI/IMERG/2017/RAW/IMERG30m_early.HEMI.20170223.0900.bin.
0...10...20...30...40...50...60...70...80...90...100 - done.
/firecast/DATA/GLOBAL/IMERG/2017/LATE/half_hourly/3B-HHR-L.MS.MRG.3IMERG.20170223-S153000-E155959.0930.V04A.RT-H5

Grid Analysis and Display System (GrADS) Version 2.0.1
Copyright (c) 1988-2011 by Brian Doty and the
Institute for Global Environment and Society (IGES)
GrADS comes with ABSOLUTELY NO WARRANTY
See file COPYRIGHT for more information

Config: v2.0.1 little-endian readline printim grib2 netcdf hdf4-sds hdf5 opendap-grids,stn geotiff shapefile
Issue 'q config' command for more detailed configuration information
GX Package Initialization: Size = 8.5 11 
Running in Batch mode
DEFINE error:  no file open yet
T=1: written.
ERROR 6: /firecast/DATA/HEMI/IMERG/2017/half_hourly/IMERG30m_early.HEMI.20170223.0930.bin, band 1: SetNoDataValue() not supported for this dataset.
Creating output file that is 8004P x 911L.
Processing input file /firecast/DATA/HEMI/IMERG/2017/RAW/IMERG30m_early.HEMI.20170223.0930.bin.
0...10...20...30...40...50...60...70...80...90...100 - done.
/firecast/DATA/GLOBAL/IMERG/2017/LATE/half_hourly/3B-HHR-L.MS.MRG.3IMERG.20170223-S160000-E162959.0960.V04A.RT-H5

Grid Analysis and Display System (GrADS) Version 2.0.1
Copyright (c) 1988-2011 by Brian Doty and the
Institute for Global Environment and Society (IGES)
GrADS comes with ABSOLUTELY NO WARRANTY
See file COPYRIGHT for more information

Config: v2.0.1 little-endian readline printim grib2 netcdf hdf4-sds hdf5 opendap-grids,stn geotiff shapefile
Issue 'q config' command for more detailed configuration information
GX Package Initialization: Size = 8.5 11 
Running in Batch mode
DEFINE error:  no file open yet
T=1: written.
ERROR 6: /firecast/DATA/HEMI/IMERG/2017/half_hourly/IMERG30m_early.HEMI.20170223.0960.bin, band 1: SetNoDataValue() not supported for this dataset.
Creating output file that is 8004P x 911L.
Processing input file /firecast/DATA/HEMI/IMERG/2017/RAW/IMERG30m_early.HEMI.20170223.0960.bin.
0...10...20...30...40...50...60...70...80...90...100 - done.
/firecast/DATA/GLOBAL/IMERG/2017/LATE/half_hourly/3B-HHR-L.MS.MRG.3IMERG.20170223-S163000-E165959.0990.V04A.RT-H5

Grid Analysis and Display System (GrADS) Version 2.0.1
Copyright (c) 1988-2011 by Brian Doty and the
Institute for Global Environment and Society (IGES)
GrADS comes with ABSOLUTELY NO WARRANTY
See file COPYRIGHT for more information

Config: v2.0.1 little-endian readline printim grib2 netcdf hdf4-sds hdf5 opendap-grids,stn geotiff shapefile
Issue 'q config' command for more detailed configuration information
GX Package Initialization: Size = 8.5 11 
Running in Batch mode
DEFINE error:  no file open yet
T=1: written.
ERROR 6: /firecast/DATA/HEMI/IMERG/2017/half_hourly/IMERG30m_early.HEMI.20170223.0990.bin, band 1: SetNoDataValue() not supported for this dataset.
Creating output file that is 8004P x 911L.
Processing input file /firecast/DATA/HEMI/IMERG/2017/RAW/IMERG30m_early.HEMI.20170223.0990.bin.
0...10...20...30...40...50...60...70...80...90...100 - done.
/firecast/DATA/GLOBAL/IMERG/2017/LATE/half_hourly/3B-HHR-L.MS.MRG.3IMERG.20170223-S170000-E172959.1020.V04A.RT-H5

Grid Analysis and Display System (GrADS) Version 2.0.1
Copyright (c) 1988-2011 by Brian Doty and the
Institute for Global Environment and Society (IGES)
GrADS comes with ABSOLUTELY NO WARRANTY
See file COPYRIGHT for more information

Config: v2.0.1 little-endian readline printim grib2 netcdf hdf4-sds hdf5 opendap-grids,stn geotiff shapefile
Issue 'q config' command for more detailed configuration information
GX Package Initialization: Size = 8.5 11 
Running in Batch mode
DEFINE error:  no file open yet
T=1: written.
ERROR 6: /firecast/DATA/HEMI/IMERG/2017/half_hourly/IMERG30m_early.HEMI.20170223.1020.bin, band 1: SetNoDataValue() not supported for this dataset.
Creating output file that is 8004P x 911L.
Processing input file /firecast/DATA/HEMI/IMERG/2017/RAW/IMERG30m_early.HEMI.20170223.1020.bin.
0...10...20...30...40...50...60...70...80...90...100 - done.
/firecast/DATA/GLOBAL/IMERG/2017/LATE/half_hourly/3B-HHR-L.MS.MRG.3IMERG.20170223-S173000-E175959.1050.V04A.RT-H5

Grid Analysis and Display System (GrADS) Version 2.0.1
Copyright (c) 1988-2011 by Brian Doty and the
Institute for Global Environment and Society (IGES)
GrADS comes with ABSOLUTELY NO WARRANTY
See file COPYRIGHT for more information

Config: v2.0.1 little-endian readline printim grib2 netcdf hdf4-sds hdf5 opendap-grids,stn geotiff shapefile
Issue 'q config' command for more detailed configuration information
GX Package Initialization: Size = 8.5 11 
Running in Batch mode
DEFINE error:  no file open yet
T=1: written.
ERROR 6: /firecast/DATA/HEMI/IMERG/2017/half_hourly/IMERG30m_early.HEMI.20170223.1050.bin, band 1: SetNoDataValue() not supported for this dataset.
Creating output file that is 8004P x 911L.
Processing input file /firecast/DATA/HEMI/IMERG/2017/RAW/IMERG30m_early.HEMI.20170223.1050.bin.
0...10...20...30...40...50...60...70...80...90...100 - done.
/firecast/DATA/GLOBAL/IMERG/2017/LATE/half_hourly/3B-HHR-L.MS.MRG.3IMERG.20170223-S180000-E182959.1080.V04A.RT-H5

Grid Analysis and Display System (GrADS) Version 2.0.1
Copyright (c) 1988-2011 by Brian Doty and the
Institute for Global Environment and Society (IGES)
GrADS comes with ABSOLUTELY NO WARRANTY
See file COPYRIGHT for more information

Config: v2.0.1 little-endian readline printim grib2 netcdf hdf4-sds hdf5 opendap-grids,stn geotiff shapefile
Issue 'q config' command for more detailed configuration information
GX Package Initialization: Size = 8.5 11 
Running in Batch mode
DEFINE error:  no file open yet
T=1: written.
ERROR 6: /firecast/DATA/HEMI/IMERG/2017/half_hourly/IMERG30m_early.HEMI.20170223.1080.bin, band 1: SetNoDataValue() not supported for this dataset.
Creating output file that is 8004P x 911L.
Processing input file /firecast/DATA/HEMI/IMERG/2017/RAW/IMERG30m_early.HEMI.20170223.1080.bin.
0...10...20...30...40...50...60...70...80...90...100 - done.
/firecast/DATA/GLOBAL/IMERG/2017/LATE/half_hourly/3B-HHR-L.MS.MRG.3IMERG.20170223-S183000-E185959.1110.V04A.RT-H5

Grid Analysis and Display System (GrADS) Version 2.0.1
Copyright (c) 1988-2011 by Brian Doty and the
Institute for Global Environment and Society (IGES)
GrADS comes with ABSOLUTELY NO WARRANTY
See file COPYRIGHT for more information

Config: v2.0.1 little-endian readline printim grib2 netcdf hdf4-sds hdf5 opendap-grids,stn geotiff shapefile
Issue 'q config' command for more detailed configuration information
GX Package Initialization: Size = 8.5 11 
Running in Batch mode
DEFINE error:  no file open yet
T=1: written.
ERROR 6: /firecast/DATA/HEMI/IMERG/2017/half_hourly/IMERG30m_early.HEMI.20170223.1110.bin, band 1: SetNoDataValue() not supported for this dataset.
Creating output file that is 8004P x 911L.
Processing input file /firecast/DATA/HEMI/IMERG/2017/RAW/IMERG30m_early.HEMI.20170223.1110.bin.
0...10...20...30...40...50...60...70...80...90...100 - done.
/firecast/DATA/GLOBAL/IMERG/2017/LATE/half_hourly/3B-HHR-L.MS.MRG.3IMERG.20170223-S190000-E192959.1140.V04A.RT-H5

Grid Analysis and Display System (GrADS) Version 2.0.1
Copyright (c) 1988-2011 by Brian Doty and the
Institute for Global Environment and Society (IGES)
GrADS comes with ABSOLUTELY NO WARRANTY
See file COPYRIGHT for more information

Config: v2.0.1 little-endian readline printim grib2 netcdf hdf4-sds hdf5 opendap-grids,stn geotiff shapefile
Issue 'q config' command for more detailed configuration information
GX Package Initialization: Size = 8.5 11 
Running in Batch mode
DEFINE error:  no file open yet
T=1: written.
ERROR 6: /firecast/DATA/HEMI/IMERG/2017/half_hourly/IMERG30m_early.HEMI.20170223.1140.bin, band 1: SetNoDataValue() not supported for this dataset.
Creating output file that is 8004P x 911L.
Processing input file /firecast/DATA/HEMI/IMERG/2017/RAW/IMERG30m_early.HEMI.20170223.1140.bin.
0...10...20...30...40...50...60...70...80...90...100 - done.
/firecast/DATA/GLOBAL/IMERG/2017/LATE/half_hourly/3B-HHR-L.MS.MRG.3IMERG.20170223-S193000-E195959.1170.V04A.RT-H5

Grid Analysis and Display System (GrADS) Version 2.0.1
Copyright (c) 1988-2011 by Brian Doty and the
Institute for Global Environment and Society (IGES)
GrADS comes with ABSOLUTELY NO WARRANTY
See file COPYRIGHT for more information

Config: v2.0.1 little-endian readline printim grib2 netcdf hdf4-sds hdf5 opendap-grids,stn geotiff shapefile
Issue 'q config' command for more detailed configuration information
GX Package Initialization: Size = 8.5 11 
Running in Batch mode
DEFINE error:  no file open yet
T=1: written.
ERROR 6: /firecast/DATA/HEMI/IMERG/2017/half_hourly/IMERG30m_early.HEMI.20170223.1170.bin, band 1: SetNoDataValue() not supported for this dataset.
Creating output file that is 8004P x 911L.
Processing input file /firecast/DATA/HEMI/IMERG/2017/RAW/IMERG30m_early.HEMI.20170223.1170.bin.
0...10...20...30...40...50...60...70...80...90...100 - done.
/firecast/DATA/GLOBAL/IMERG/2017/LATE/half_hourly/3B-HHR-L.MS.MRG.3IMERG.20170223-S200000-E202959.1200.V04A.RT-H5

Grid Analysis and Display System (GrADS) Version 2.0.1
Copyright (c) 1988-2011 by Brian Doty and the
Institute for Global Environment and Society (IGES)
GrADS comes with ABSOLUTELY NO WARRANTY
See file COPYRIGHT for more information

Config: v2.0.1 little-endian readline printim grib2 netcdf hdf4-sds hdf5 opendap-grids,stn geotiff shapefile
Issue 'q config' command for more detailed configuration information
GX Package Initialization: Size = 8.5 11 
Running in Batch mode
DEFINE error:  no file open yet
T=1: written.
ERROR 6: /firecast/DATA/HEMI/IMERG/2017/half_hourly/IMERG30m_early.HEMI.20170223.1200.bin, band 1: SetNoDataValue() not supported for this dataset.
Creating output file that is 8004P x 911L.
Processing input file /firecast/DATA/HEMI/IMERG/2017/RAW/IMERG30m_early.HEMI.20170223.1200.bin.
0...10...20...30...40...50...60...70...80...90...100 - done.
/firecast/DATA/GLOBAL/IMERG/2017/LATE/half_hourly/3B-HHR-L.MS.MRG.3IMERG.20170223-S203000-E205959.1230.V04A.RT-H5

Grid Analysis and Display System (GrADS) Version 2.0.1
Copyright (c) 1988-2011 by Brian Doty and the
Institute for Global Environment and Society (IGES)
GrADS comes with ABSOLUTELY NO WARRANTY
See file COPYRIGHT for more information

Config: v2.0.1 little-endian readline printim grib2 netcdf hdf4-sds hdf5 opendap-grids,stn geotiff shapefile
Issue 'q config' command for more detailed configuration information
GX Package Initialization: Size = 8.5 11 
Running in Batch mode
DEFINE error:  no file open yet
T=1: written.
ERROR 6: /firecast/DATA/HEMI/IMERG/2017/half_hourly/IMERG30m_early.HEMI.20170223.1230.bin, band 1: SetNoDataValue() not supported for this dataset.
Creating output file that is 8004P x 911L.
Processing input file /firecast/DATA/HEMI/IMERG/2017/RAW/IMERG30m_early.HEMI.20170223.1230.bin.
0...10...20...30...40...50...60...70...80...90...100 - done.
/firecast/DATA/GLOBAL/IMERG/2017/LATE/half_hourly/3B-HHR-L.MS.MRG.3IMERG.20170223-S210000-E212959.1260.V04A.RT-H5

Grid Analysis and Display System (GrADS) Version 2.0.1
Copyright (c) 1988-2011 by Brian Doty and the
Institute for Global Environment and Society (IGES)
GrADS comes with ABSOLUTELY NO WARRANTY
See file COPYRIGHT for more information

Config: v2.0.1 little-endian readline printim grib2 netcdf hdf4-sds hdf5 opendap-grids,stn geotiff shapefile
Issue 'q config' command for more detailed configuration information
GX Package Initialization: Size = 8.5 11 
Running in Batch mode
DEFINE error:  no file open yet
T=1: written.
ERROR 6: /firecast/DATA/HEMI/IMERG/2017/half_hourly/IMERG30m_early.HEMI.20170223.1260.bin, band 1: SetNoDataValue() not supported for this dataset.
Creating output file that is 8004P x 911L.
Processing input file /firecast/DATA/HEMI/IMERG/2017/RAW/IMERG30m_early.HEMI.20170223.1260.bin.
0...10...20...30...40...50...60...70...80...90...100 - done.
/firecast/DATA/GLOBAL/IMERG/2017/LATE/half_hourly/3B-HHR-L.MS.MRG.3IMERG.20170223-S213000-E215959.1290.V04A.RT-H5

Grid Analysis and Display System (GrADS) Version 2.0.1
Copyright (c) 1988-2011 by Brian Doty and the
Institute for Global Environment and Society (IGES)
GrADS comes with ABSOLUTELY NO WARRANTY
See file COPYRIGHT for more information

Config: v2.0.1 little-endian readline printim grib2 netcdf hdf4-sds hdf5 opendap-grids,stn geotiff shapefile
Issue 'q config' command for more detailed configuration information
GX Package Initialization: Size = 8.5 11 
Running in Batch mode
DEFINE error:  no file open yet
T=1: written.
ERROR 6: /firecast/DATA/HEMI/IMERG/2017/half_hourly/IMERG30m_early.HEMI.20170223.1290.bin, band 1: SetNoDataValue() not supported for this dataset.
Creating output file that is 8004P x 911L.
Processing input file /firecast/DATA/HEMI/IMERG/2017/RAW/IMERG30m_early.HEMI.20170223.1290.bin.
0...10...20...30...40...50...60...70...80...90...100 - done.
/firecast/DATA/GLOBAL/IMERG/2017/LATE/half_hourly/3B-HHR-L.MS.MRG.3IMERG.20170223-S220000-E222959.1320.V04A.RT-H5

Grid Analysis and Display System (GrADS) Version 2.0.1
Copyright (c) 1988-2011 by Brian Doty and the
Institute for Global Environment and Society (IGES)
GrADS comes with ABSOLUTELY NO WARRANTY
See file COPYRIGHT for more information

Config: v2.0.1 little-endian readline printim grib2 netcdf hdf4-sds hdf5 opendap-grids,stn geotiff shapefile
Issue 'q config' command for more detailed configuration information
GX Package Initialization: Size = 8.5 11 
Running in Batch mode
DEFINE error:  no file open yet
T=1: written.
ERROR 6: /firecast/DATA/HEMI/IMERG/2017/half_hourly/IMERG30m_early.HEMI.20170223.1320.bin, band 1: SetNoDataValue() not supported for this dataset.
Creating output file that is 8004P x 911L.
Processing input file /firecast/DATA/HEMI/IMERG/2017/RAW/IMERG30m_early.HEMI.20170223.1320.bin.
0...10...20...30...40...50...60...70...80...90...100 - done.
/firecast/DATA/GLOBAL/IMERG/2017/LATE/half_hourly/3B-HHR-L.MS.MRG.3IMERG.20170223-S223000-E225959.1350.V04A.RT-H5

Grid Analysis and Display System (GrADS) Version 2.0.1
Copyright (c) 1988-2011 by Brian Doty and the
Institute for Global Environment and Society (IGES)
GrADS comes with ABSOLUTELY NO WARRANTY
See file COPYRIGHT for more information

Config: v2.0.1 little-endian readline printim grib2 netcdf hdf4-sds hdf5 opendap-grids,stn geotiff shapefile
Issue 'q config' command for more detailed configuration information
GX Package Initialization: Size = 8.5 11 
Running in Batch mode
DEFINE error:  no file open yet
T=1: written.
ERROR 6: /firecast/DATA/HEMI/IMERG/2017/half_hourly/IMERG30m_early.HEMI.20170223.1350.bin, band 1: SetNoDataValue() not supported for this dataset.
Creating output file that is 8004P x 911L.
Processing input file /firecast/DATA/HEMI/IMERG/2017/RAW/IMERG30m_early.HEMI.20170223.1350.bin.
0...10...20...30...40...50...60...70...80...90...100 - done.
/firecast/DATA/GLOBAL/IMERG/2017/LATE/half_hourly/3B-HHR-L.MS.MRG.3IMERG.20170223-S230000-E232959.1380.V04A.RT-H5

Grid Analysis and Display System (GrADS) Version 2.0.1
Copyright (c) 1988-2011 by Brian Doty and the
Institute for Global Environment and Society (IGES)
GrADS comes with ABSOLUTELY NO WARRANTY
See file COPYRIGHT for more information

Config: v2.0.1 little-endian readline printim grib2 netcdf hdf4-sds hdf5 opendap-grids,stn geotiff shapefile
Issue 'q config' command for more detailed configuration information
GX Package Initialization: Size = 8.5 11 
Running in Batch mode
DEFINE error:  no file open yet
T=1: written.
ERROR 6: /firecast/DATA/HEMI/IMERG/2017/half_hourly/IMERG30m_early.HEMI.20170223.1380.bin, band 1: SetNoDataValue() not supported for this dataset.
Creating output file that is 8004P x 911L.
Processing input file /firecast/DATA/HEMI/IMERG/2017/RAW/IMERG30m_early.HEMI.20170223.1380.bin.
0...10...20...30...40...50...60...70...80...90...100 - done.
/firecast/DATA/GLOBAL/IMERG/2017/LATE/half_hourly/3B-HHR-L.MS.MRG.3IMERG.20170223-S233000-E235959.1410.V04A.RT-H5

Grid Analysis and Display System (GrADS) Version 2.0.1
Copyright (c) 1988-2011 by Brian Doty and the
Institute for Global Environment and Society (IGES)
GrADS comes with ABSOLUTELY NO WARRANTY
See file COPYRIGHT for more information

Config: v2.0.1 little-endian readline printim grib2 netcdf hdf4-sds hdf5 opendap-grids,stn geotiff shapefile
Issue 'q config' command for more detailed configuration information
GX Package Initialization: Size = 8.5 11 
Running in Batch mode
DEFINE error:  no file open yet
T=1: written.
ERROR 6: /firecast/DATA/HEMI/IMERG/2017/half_hourly/IMERG30m_early.HEMI.20170223.1410.bin, band 1: SetNoDataValue() not supported for this dataset.
Creating output file that is 8004P x 911L.
Processing input file /firecast/DATA/HEMI/IMERG/2017/RAW/IMERG30m_early.HEMI.20170223.1410.bin.
0...10...20...30...40...50...60...70...80...90...100 - done.
Summing IMERG for year 2017, Julian days 54 to 54
npixels are 7291644
Allocated 29166576 bytes of memory
Allocated 14583288 bytes of memory
Allocated 29166576 bytes of memory
Allocated 29166576 bytes of memory
Allocated 29166576 bytes of memory
Allocated 14583288 bytes of memory
Allocated 14583288 bytes of memory
Rain file name IMERG30m_early.HEMI.20170223.0000.bin 
Rain file name IMERG30m_early.HEMI.20170223.0030.bin 
Rain file name IMERG30m_early.HEMI.20170223.0060.bin 
Rain file name IMERG30m_early.HEMI.20170223.0090.bin 
Rain file name IMERG30m_early.HEMI.20170223.0120.bin 
Rain file name IMERG30m_early.HEMI.20170223.0150.bin 
Rain file name IMERG30m_early.HEMI.20170223.0180.bin 
Rain file name IMERG30m_early.HEMI.20170223.0210.bin 
Rain file name IMERG30m_early.HEMI.20170223.0240.bin 
Rain file name IMERG30m_early.HEMI.20170223.0270.bin 
Rain file name IMERG30m_early.HEMI.20170223.0300.bin 
Rain file name IMERG30m_early.HEMI.20170223.0330.bin 
Rain file name IMERG30m_early.HEMI.20170223.0360.bin 
Rain file name IMERG30m_early.HEMI.20170223.0390.bin 
Rain file name IMERG30m_early.HEMI.20170223.0420.bin 
Rain file name IMERG30m_early.HEMI.20170223.0450.bin 
Rain file name IMERG30m_early.HEMI.20170223.0480.bin 
Rain file name IMERG30m_early.HEMI.20170223.0510.bin 
Rain file name IMERG30m_early.HEMI.20170223.0540.bin 
Rain file name IMERG30m_early.HEMI.20170223.0570.bin 
Rain file name IMERG30m_early.HEMI.20170223.0600.bin 
Rain file name IMERG30m_early.HEMI.20170223.0630.bin 
Rain file name IMERG30m_early.HEMI.20170223.0660.bin 
Rain file name IMERG30m_early.HEMI.20170223.0690.bin 
Rain file name IMERG30m_early.HEMI.20170223.0720.bin 
Rain file name IMERG30m_early.HEMI.20170223.0750.bin 
Rain file name IMERG30m_early.HEMI.20170223.0780.bin 
Rain file name IMERG30m_early.HEMI.20170223.0810.bin 
Rain file name IMERG30m_early.HEMI.20170223.0840.bin 
Rain file name IMERG30m_early.HEMI.20170223.0870.bin 
Rain file name IMERG30m_early.HEMI.20170223.0900.bin 
Rain file name IMERG30m_early.HEMI.20170223.0930.bin 
Rain file name IMERG30m_early.HEMI.20170223.0960.bin 
Rain file name IMERG30m_early.HEMI.20170223.0990.bin 
Rain file name IMERG30m_early.HEMI.20170223.1020.bin 
Rain file name IMERG30m_early.HEMI.20170223.1050.bin 
Rain file name IMERG30m_early.HEMI.20170223.1080.bin 
Rain file name IMERG30m_early.HEMI.20170223.1110.bin 
Rain file name IMERG30m_early.HEMI.20170223.1140.bin 
Rain file name IMERG30m_early.HEMI.20170223.1170.bin 
Rain file name IMERG30m_early.HEMI.20170223.1200.bin 
Rain file name IMERG30m_early.HEMI.20170223.1230.bin 
Rain file name IMERG30m_early.HEMI.20170223.1260.bin 
Rain file name IMERG30m_early.HEMI.20170223.1290.bin 
Rain file name IMERG30m_early.HEMI.20170223.1320.bin 
Rain file name IMERG30m_early.HEMI.20170223.1350.bin 
Rain file name IMERG30m_early.HEMI.20170223.1380.bin 
Rain file name IMERG30m_early.HEMI.20170223.1410.bin 
Wrote 14583288 bytes to /firecast/DATA/HEMI/IMERG/2017/daysum/ppt_IMERG30m_early_2017054_sum_HEMI.bin.
Wrote 14583288 bytes to /firecast/DATA/HEMI/IMERG/2017/daysum/ppt_IMERG30m_early_2017054_dur_HEMI.bin.
Summing IMERG for year 2017, Julian days 54 to 54
npixels are 7291644
Allocated 29166576 bytes of memory
Allocated 14583288 bytes of memory
Allocated 29166576 bytes of memory
Allocated 29166576 bytes of memory
Allocated 29166576 bytes of memory
Allocated 14583288 bytes of memory
Allocated 14583288 bytes of memory
Rain file name IMERG30m_early.HEMI.20170223.0000.bin 
Rain file name IMERG30m_early.HEMI.20170223.0030.bin 
Rain file name IMERG30m_early.HEMI.20170223.0060.bin 
Rain file name IMERG30m_early.HEMI.20170223.0090.bin 
Rain file name IMERG30m_early.HEMI.20170223.0120.bin 
Rain file name IMERG30m_early.HEMI.20170223.0150.bin 
Rain file name IMERG30m_early.HEMI.20170223.0180.bin 
Rain file name IMERG30m_early.HEMI.20170223.0210.bin 
Rain file name IMERG30m_early.HEMI.20170223.0240.bin 
Rain file name IMERG30m_early.HEMI.20170223.0270.bin 
Rain file name IMERG30m_early.HEMI.20170223.0300.bin 
Rain file name IMERG30m_early.HEMI.20170223.0330.bin 
Rain file name IMERG30m_early.HEMI.20170223.0360.bin 
Rain file name IMERG30m_early.HEMI.20170223.0390.bin 
Rain file name IMERG30m_early.HEMI.20170223.0420.bin 
Rain file name IMERG30m_early.HEMI.20170223.0450.bin 
Rain file name IMERG30m_early.HEMI.20170223.0480.bin 
Rain file name IMERG30m_early.HEMI.20170223.0510.bin 
Rain file name IMERG30m_early.HEMI.20170223.0540.bin 
Rain file name IMERG30m_early.HEMI.20170223.0570.bin 
Rain file name IMERG30m_early.HEMI.20170223.0600.bin 
Rain file name IMERG30m_early.HEMI.20170223.0630.bin 
Rain file name IMERG30m_early.HEMI.20170223.0660.bin 
Rain file name IMERG30m_early.HEMI.20170223.0690.bin 
Rain file name IMERG30m_early.HEMI.20170223.0720.bin 
Rain file name IMERG30m_early.HEMI.20170223.0750.bin 
Rain file name IMERG30m_early.HEMI.20170223.0780.bin 
Rain file name IMERG30m_early.HEMI.20170223.0810.bin 
Rain file name IMERG30m_early.HEMI.20170223.0840.bin 
Rain file name IMERG30m_early.HEMI.20170223.0870.bin 
Wrote 14583288 bytes to /firecast/DATA/HEMI/IMERG/2017/15_hrdur/ppt_IMERG30m_early_2017054_sum_HEMI_p1.bin.
Wrote 14583288 bytes to /firecast/DATA/HEMI/IMERG/2017/15_hrdur/ppt_IMERG30m_early_2017054_dur_HEMI_p1.bin.
Summing IMERG for year 2017, Julian days 54 to 54
npixels are 7291644
Allocated 29166576 bytes of memory
Allocated 14583288 bytes of memory
Allocated 29166576 bytes of memory
Allocated 29166576 bytes of memory
Allocated 29166576 bytes of memory
Allocated 14583288 bytes of memory
Allocated 14583288 bytes of memory
Rain file name IMERG30m_early.HEMI.20170223.0900.bin 
Rain file name IMERG30m_early.HEMI.20170223.0930.bin 
Rain file name IMERG30m_early.HEMI.20170223.0960.bin 
Rain file name IMERG30m_early.HEMI.20170223.0990.bin 
Rain file name IMERG30m_early.HEMI.20170223.1020.bin 
Rain file name IMERG30m_early.HEMI.20170223.1050.bin 
Rain file name IMERG30m_early.HEMI.20170223.1080.bin 
Rain file name IMERG30m_early.HEMI.20170223.1110.bin 
Rain file name IMERG30m_early.HEMI.20170223.1140.bin 
Rain file name IMERG30m_early.HEMI.20170223.1170.bin 
Rain file name IMERG30m_early.HEMI.20170223.1200.bin 
Rain file name IMERG30m_early.HEMI.20170223.1230.bin 
Rain file name IMERG30m_early.HEMI.20170223.1260.bin 
Rain file name IMERG30m_early.HEMI.20170223.1290.bin 
Rain file name IMERG30m_early.HEMI.20170223.1320.bin 
Rain file name IMERG30m_early.HEMI.20170223.1350.bin 
Rain file name IMERG30m_early.HEMI.20170223.1380.bin 
Rain file name IMERG30m_early.HEMI.20170223.1410.bin 
Wrote 14583288 bytes to /firecast/DATA/HEMI/IMERG/2017/09_hrdur/ppt_IMERG30m_early_2017054_sum_HEMI_p2.bin.
Wrote 14583288 bytes to /firecast/DATA/HEMI/IMERG/2017/09_hrdur/ppt_IMERG30m_early_2017054_dur_HEMI_p2.bin.
